2024-10-30T11:11:29.577Z: Service starting...
2024-10-30T11:11:29.579Z: Starting product synchronization...
2024-10-30T11:12:05.277Z: Successfully synced product 221085
2024-10-30T11:12:16.643Z: Successfully synced product 191566
2024-10-30T11:12:27.911Z: Successfully synced product 190904
2024-10-30T11:12:40.505Z: Successfully synced product 186134
2024-10-30T11:12:53.195Z: Successfully synced product 184058
2024-10-30T11:13:04.459Z: Successfully synced product 176274
2024-10-30T11:13:16.167Z: Successfully synced product 175503
2024-10-30T11:13:27.090Z: Successfully synced product 174603
2024-10-30T11:13:37.636Z: Successfully synced product 172681
2024-10-30T11:13:48.798Z: Successfully synced product 161394
2024-10-30T11:13:59.763Z: Successfully synced product 161071
2024-10-30T11:14:10.711Z: Successfully synced product 161054
2024-10-30T11:14:22.077Z: Successfully synced product 160566
2024-10-30T11:14:33.238Z: Successfully synced product 160433
2024-10-30T11:14:44.917Z: Successfully synced product 159788
2024-10-30T11:14:56.386Z: Successfully synced product 159723
2024-10-30T11:15:08.771Z: Successfully synced product 159706
2024-10-30T11:15:19.630Z: Successfully synced product 153329
2024-10-30T11:15:32.220Z: Successfully synced product 153169
2024-10-30T11:15:44.817Z: Successfully synced product 150085
2024-10-30T11:15:56.593Z: Successfully synced product 150059
2024-10-30T11:16:07.549Z: Successfully synced product 146901
2024-10-30T11:16:18.506Z: Successfully synced product 144575
2024-10-30T11:16:29.155Z: Successfully synced product 142873
2024-10-30T11:16:41.131Z: Successfully synced product 142447
2024-10-30T11:16:53.103Z: Successfully synced product 142375
2024-10-30T11:17:04.060Z: Successfully synced product 140022
2024-10-30T11:17:15.430Z: Successfully synced product 139929
2024-10-30T11:17:28.328Z: Successfully synced product 139891
2024-10-30T11:17:40.411Z: Successfully synced product 139471
2024-10-30T11:17:51.277Z: Successfully synced product 139188
2024-10-30T11:18:02.335Z: Successfully synced product 138965
2024-10-30T11:18:13.087Z: Successfully synced product 135964
2024-10-30T11:18:24.766Z: Successfully synced product 135321
2024-10-30T11:18:36.741Z: Successfully synced product 134251
2024-10-30T11:18:46.982Z: Successfully synced product 129999
2024-10-30T11:18:57.839Z: Successfully synced product 129997
2024-10-30T11:19:09.207Z: Successfully synced product 117501
2024-10-30T11:19:19.854Z: Successfully synced product 116436
2024-10-30T11:19:31.420Z: Successfully synced product 115606
2024-10-30T11:19:43.714Z: Successfully synced product 114284
2024-10-30T11:19:54.158Z: Successfully synced product 114279
2024-10-30T11:20:04.807Z: Successfully synced product 114250
2024-10-30T11:20:16.685Z: Successfully synced product 114061
2024-10-30T11:20:27.151Z: Successfully synced product 113982
2024-10-30T11:20:38.598Z: Successfully synced product 113810
2024-10-30T11:20:49.675Z: Successfully synced product 113791
2024-10-30T11:21:00.103Z: Successfully synced product 113770
2024-10-30T11:21:10.834Z: Successfully synced product 113727
2024-10-30T11:21:21.407Z: Successfully synced product 113639
2024-10-30T11:21:31.534Z: Successfully synced product 113637
2024-10-30T11:21:42.067Z: Successfully synced product 113636
2024-10-30T11:21:52.935Z: Successfully synced product 113589
2024-10-30T11:22:03.076Z: Successfully synced product 113560
2024-10-30T11:22:13.827Z: Successfully synced product 113197
2024-10-30T11:22:24.272Z: Successfully synced product 113176
2024-10-30T11:22:34.409Z: Successfully synced product 113147
2024-10-30T11:22:45.878Z: Successfully synced product 112718
2024-10-30T11:22:56.220Z: Successfully synced product 112644
2024-10-30T11:23:06.451Z: Successfully synced product 112635
2024-10-30T11:23:16.793Z: Successfully synced product 112610
2024-10-30T11:23:26.725Z: Successfully synced product 112560
2024-10-30T11:23:36.965Z: Successfully synced product 112533
2024-10-30T11:23:47.411Z: Successfully synced product 112502
2024-10-30T11:23:57.957Z: Successfully synced product 112479
2024-10-30T11:24:08.514Z: Successfully synced product 112464
2024-10-30T11:24:19.976Z: Successfully synced product 112444
2024-10-30T11:24:30.428Z: Successfully synced product 112429
2024-10-30T11:24:40.566Z: Successfully synced product 112387
2024-10-30T11:24:51.117Z: Successfully synced product 112374
2024-10-30T11:25:04.220Z: Successfully synced product 112358
2024-10-30T11:25:14.358Z: Successfully synced product 112329
2024-10-30T11:25:25.006Z: Successfully synced product 112323
2024-10-30T11:25:36.095Z: Successfully synced product 112321
2024-10-30T11:25:46.026Z: Successfully synced product 112305
2024-10-30T11:25:56.238Z: Successfully synced product 112235
2024-10-30T11:26:06.372Z: Successfully synced product 112184
2024-10-30T11:26:17.374Z: Successfully synced product 112171
2024-10-30T11:26:29.007Z: Successfully synced product 112139
2024-10-30T11:26:39.856Z: Successfully synced product 112127
2024-10-30T11:26:50.506Z: Successfully synced product 112039
2024-10-30T11:27:01.770Z: Successfully synced product 111984
2024-10-30T11:27:11.800Z: Successfully synced product 111943
2024-10-30T11:27:24.292Z: Successfully synced product 111765
2024-10-30T11:27:34.737Z: Successfully synced product 111684
2024-10-30T11:27:44.977Z: Successfully synced product 111611
2024-10-30T11:27:55.525Z: Successfully synced product 111589
2024-10-30T11:28:06.173Z: Successfully synced product 111547
2024-10-30T11:28:16.616Z: Successfully synced product 111469
2024-10-30T11:28:28.188Z: Successfully synced product 111447
2024-10-30T11:28:38.318Z: Successfully synced product 111427
2024-10-30T11:28:48.667Z: Successfully synced product 111418
2024-10-30T11:28:58.908Z: Successfully synced product 111305
2024-10-30T11:29:10.171Z: Successfully synced product 111299
2024-10-30T11:29:21.546Z: Successfully synced product 111220
2024-10-30T11:29:34.037Z: Successfully synced product 111166
2024-10-30T11:29:45.198Z: Successfully synced product 111110
2024-10-30T11:29:56.461Z: Successfully synced product 111026
2024-10-30T11:30:07.419Z: Successfully synced product 110938
2024-10-30T11:30:18.878Z: Successfully synced product 110896
2024-10-30T11:30:30.550Z: Successfully synced product 110807
2024-10-30T11:30:41.405Z: Successfully synced product 110711
2024-10-30T11:30:51.855Z: Successfully synced product 110635
2024-10-30T11:31:03.728Z: Successfully synced product 110587
2024-10-30T11:31:13.874Z: Successfully synced product 110494
2024-10-30T11:31:24.631Z: Successfully synced product 110374
2024-10-30T11:31:36.606Z: Successfully synced product 110343
2024-10-30T11:31:46.846Z: Successfully synced product 110300
2024-10-30T11:31:59.441Z: Successfully synced product 110182
2024-10-30T11:32:09.988Z: Successfully synced product 110166
2024-10-30T11:32:22.276Z: Successfully synced product 110125
2024-10-30T11:32:34.467Z: Successfully synced product 110100
2024-10-30T11:32:45.419Z: Successfully synced product 110068
2024-10-30T11:32:57.097Z: Successfully synced product 110026
2024-10-30T11:33:08.253Z: Successfully synced product 109979
2024-10-30T11:33:08.254Z: Product synchronization completed
2024-10-30T11:33:08.256Z: Service running - polling every 300 seconds
2024-10-30T11:38:08.266Z: Starting product synchronization...
2024-10-30T11:38:37.372Z: Successfully synced product 221085
2024-10-30T11:38:47.123Z: Successfully synced product 191566
2024-10-30T11:38:57.098Z: Successfully synced product 190904
2024-10-30T11:39:06.800Z: Successfully synced product 186134
2024-10-30T11:39:16.776Z: Successfully synced product 184058
2024-10-30T11:39:26.449Z: Successfully synced product 176274
2024-10-30T11:39:36.434Z: Successfully synced product 175503
2024-10-30T11:39:46.126Z: Successfully synced product 174603
2024-10-30T11:39:56.176Z: Successfully synced product 172681
2024-10-30T11:40:05.873Z: Successfully synced product 161394
2024-10-30T11:40:15.966Z: Successfully synced product 161071
2024-10-30T11:40:25.696Z: Successfully synced product 161054
2024-10-30T11:40:35.673Z: Successfully synced product 160566
2024-10-30T11:40:45.354Z: Successfully synced product 160433
2024-10-30T11:40:55.312Z: Successfully synced product 159788
2024-10-30T11:41:04.993Z: Successfully synced product 159723
2024-10-30T11:41:14.950Z: Successfully synced product 159706
2024-10-30T11:41:24.652Z: Successfully synced product 153329
2024-10-30T11:41:34.678Z: Successfully synced product 153169
2024-10-30T11:41:44.325Z: Successfully synced product 150085
2024-10-30T11:41:54.307Z: Successfully synced product 150059
2024-10-30T11:42:04.021Z: Successfully synced product 146901
2024-10-30T11:42:14.048Z: Successfully synced product 144575
2024-10-30T11:42:23.756Z: Successfully synced product 142873
2024-10-30T11:42:34.147Z: Successfully synced product 142447
2024-10-30T11:42:43.803Z: Successfully synced product 142375
